[debug] [2020-12-17T17:29:30.439Z] ----------------------------------------------------------------------
[debug] [2020-12-17T17:29:30.441Z] Command:       C:\Program Files\nodejs\node.exe C:\Users\hp zbook\AppData\Roaming\npm\node_modules\firebase-tools\lib\bin\firebase.js deploy
[debug] [2020-12-17T17:29:30.442Z] CLI Version:   8.16.2
[debug] [2020-12-17T17:29:30.442Z] Platform:      win32
[debug] [2020-12-17T17:29:30.442Z] Node Version:  v14.5.0
[debug] [2020-12-17T17:29:30.446Z] Time:          Thu Dec 17 2020 18:29:30 GMT+0100 (GMT+01:00)
[debug] [2020-12-17T17:29:30.447Z] ----------------------------------------------------------------------
[debug] [2020-12-17T17:29:30.447Z] 
[debug] [2020-12-17T17:29:30.449Z] >>> [apiv2][query] GET https://firebase-public.firebaseio.com/cli.json [none]
[debug] [2020-12-17T17:29:30.474Z] > command requires scopes: ["email","openid","https://www.googleapis.com/auth/cloudplatformprojects.readonly","https://www.googleapis.com/auth/firebase","https://www.googleapis.com/auth/cloud-platform"]
[debug] [2020-12-17T17:29:30.474Z] > authorizing via signed-in user
[debug] [2020-12-17T17:29:30.475Z] [iam] checking project eb-ecommerce for permissions ["firebase.projects.get","firebasehosting.sites.update"]
[debug] [2020-12-17T17:29:30.477Z] > refreshing access token with scopes: ["email","https://www.googleapis.com/auth/cloud-platform","https://www.googleapis.com/auth/cloudplatformprojects.readonly","https://www.googleapis.com/auth/firebase","openid"]
[debug] [2020-12-17T17:29:30.477Z] >>> HTTP REQUEST POST https://www.googleapis.com/oauth2/v3/token  
 <request body omitted>
[debug] [2020-12-17T17:29:36.174Z] <<< HTTP RESPONSE 200 {"pragma":"no-cache","cache-control":"no-cache, no-store, max-age=0, must-revalidate","date":"Thu, 17 Dec 2020 17:29:33 GMT","expires":"Mon, 01 Jan 1990 00:00:00 GMT","content-type":"application/json; charset=utf-8","vary":"X-Origin, Referer, Origin,Accept-Encoding","server":"scaffolding on HTTPServer2","x-xss-protection":"0","x-frame-options":"SAMEORIGIN","x-content-type-options":"nosniff","alt-svc":"h3-29=\":443\"; ma=2592000,h3-T051=\":443\"; ma=2592000,h3-Q050=\":443\"; ma=2592000,h3-Q046=\":443\"; ma=2592000,h3-Q043=\":443\"; ma=2592000,quic=\":443\"; ma=2592000; v=\"46,43\"","accept-ranges":"none","transfer-encoding":"chunked"}
[debug] [2020-12-17T17:29:36.183Z] >>> HTTP REQUEST POST https://cloudresourcemanager.googleapis.com/v1/projects/eb-ecommerce:testIamPermissions  
 {"permissions":["firebase.projects.get","firebasehosting.sites.update"]}
[debug] [2020-12-17T17:29:37.091Z] <<< [apiv2][status] GET https://firebase-public.firebaseio.com/cli.json 200
[debug] [2020-12-17T17:29:37.092Z] <<< [apiv2][body] GET https://firebase-public.firebaseio.com/cli.json {"cloudBuildErrorAfter":1594252800000,"cloudBuildWarnAfter":1590019200000,"defaultNode10After":1594252800000,"minVersion":"3.0.5","node8DeploysDisabledAfter":1613390400000,"node8RuntimeDisabledAfter":1615809600000,"node8WarnAfter":1600128000000}
[debug] [2020-12-17T17:30:05.301Z] ----------------------------------------------------------------------
[debug] [2020-12-17T17:30:05.306Z] Command:       C:\Program Files\nodejs\node.exe C:\Users\hp zbook\AppData\Roaming\npm\node_modules\firebase-tools\lib\bin\firebase.js deploy
[debug] [2020-12-17T17:30:05.306Z] CLI Version:   8.16.2
[debug] [2020-12-17T17:30:05.306Z] Platform:      win32
[debug] [2020-12-17T17:30:05.307Z] Node Version:  v14.5.0
[debug] [2020-12-17T17:30:05.308Z] Time:          Thu Dec 17 2020 18:30:05 GMT+0100 (GMT+01:00)
[debug] [2020-12-17T17:30:05.309Z] ----------------------------------------------------------------------
[debug] [2020-12-17T17:30:05.309Z] 
[debug] [2020-12-17T17:30:05.319Z] > command requires scopes: ["email","openid","https://www.googleapis.com/auth/cloudplatformprojects.readonly","https://www.googleapis.com/auth/firebase","https://www.googleapis.com/auth/cloud-platform"]
[debug] [2020-12-17T17:30:05.320Z] > authorizing via signed-in user
[debug] [2020-12-17T17:30:05.320Z] [iam] checking project eb-ecommerce for permissions ["firebase.projects.get","firebasehosting.sites.update"]
[debug] [2020-12-17T17:30:05.326Z] >>> HTTP REQUEST POST https://cloudresourcemanager.googleapis.com/v1/projects/eb-ecommerce:testIamPermissions  
 {"permissions":["firebase.projects.get","firebasehosting.sites.update"]}
[debug] [2020-12-17T17:30:11.014Z] <<< HTTP RESPONSE 200 {"content-type":"application/json; charset=UTF-8","vary":"X-Origin, Referer, Origin,Accept-Encoding","date":"Thu, 17 Dec 2020 17:30:09 GMT","server":"ESF","cache-control":"private","x-xss-protection":"0","x-frame-options":"SAMEORIGIN","x-content-type-options":"nosniff","server-timing":"gfet4t7; dur=641","alt-svc":"h3-29=\":443\"; ma=2592000,h3-T051=\":443\"; ma=2592000,h3-Q050=\":443\"; ma=2592000,h3-Q046=\":443\"; ma=2592000,h3-Q043=\":443\"; ma=2592000,quic=\":443\"; ma=2592000; v=\"46,43\"","accept-ranges":"none","transfer-encoding":"chunked"}
[debug] [2020-12-17T17:30:11.016Z] >>> HTTP REQUEST GET https://firebase.googleapis.com/v1beta1/projects/eb-ecommerce  
 
